0 info it worked if it ends with ok
1 verbose cli [ '/usr/local/bin/node', '/usr/local/bin/npm', 'publish' ]
2 info using npm@3.10.9
3 info using node@v6.9.2
4 verbose publish [ '.' ]
5 silly cache add args [ '.', null ]
6 verbose cache add spec .
7 silly cache add parsed spec Result {
7 silly cache add   raw: '.',
7 silly cache add   scope: null,
7 silly cache add   escapedName: null,
7 silly cache add   name: null,
7 silly cache add   rawSpec: '.',
7 silly cache add   spec: '/mnt/004DD45F03F9A1E3/Projects/PhraseEngine',
7 silly cache add   type: 'directory' }
8 verbose addLocalDirectory /home/omran/.npm/phrase-engine/0.1.1/package.tgz not in flight; packing
9 verbose correctMkdir /home/omran/.npm correctMkdir not in flight; initializing
10 info lifecycle phrase-engine@0.1.1~prepublish: phrase-engine@0.1.1
11 silly lifecycle phrase-engine@0.1.1~prepublish: no script for prepublish, continuing
12 verbose tar pack [ '/home/omran/.npm/phrase-engine/0.1.1/package.tgz',
12 verbose tar pack   '/mnt/004DD45F03F9A1E3/Projects/PhraseEngine' ]
13 verbose tarball /home/omran/.npm/phrase-engine/0.1.1/package.tgz
14 verbose folder /mnt/004DD45F03F9A1E3/Projects/PhraseEngine
15 verbose addLocalTarball adding from inside cache /home/omran/.npm/phrase-engine/0.1.1/package.tgz
16 verbose correctMkdir /home/omran/.npm correctMkdir not in flight; initializing
17 silly cache afterAdd phrase-engine@0.1.1
18 verbose afterAdd /home/omran/.npm/phrase-engine/0.1.1/package/package.json not in flight; writing
19 verbose correctMkdir /home/omran/.npm correctMkdir not in flight; initializing
20 verbose afterAdd /home/omran/.npm/phrase-engine/0.1.1/package/package.json written
21 silly publish { name: 'phrase-engine',
21 silly publish   author:
21 silly publish    { name: 'Omran Jamal',
21 silly publish      email: 'o.jamal97@gmail.com',
21 silly publish      url: 'https://github.com/omranjamal' },
21 silly publish   keywords: [ 'langauge', 'DSL', 'internationalization' ],
21 silly publish   repository:
21 silly publish    { type: 'git',
21 silly publish      url: 'git+https://github.com/Hedronium/PhraseEngine.git' },
21 silly publish   description: 'Language files on steroids for conversational UIs that aren\'t boring.',
21 silly publish   dependencies: { xmldom: '^0.1.27' },
21 silly publish   devDependencies:
21 silly publish    { '@types/node': '^8.0.26',
21 silly publish      '@types/xmldom': '^0.1.29',
21 silly publish      typescript: '^2.5.2' },
21 silly publish   bin: { 'phrase-engine': './dist/cli.js' },
21 silly publish   license: 'MIT',
21 silly publish   main: 'dist/index.js',
21 silly publish   scripts: { prepublishOnly: 'node ./node_modules/bin/tsc' },
21 silly publish   version: '0.1.1',
21 silly publish   gitHead: 'cde3fdc703bed8479bdafe02de618b7aa1e69e75',
21 silly publish   bugs: { url: 'https://github.com/Hedronium/PhraseEngine/issues' },
21 silly publish   readme: 'ERROR: No README data found!',
21 silly publish   homepage: 'https://github.com/Hedronium/PhraseEngine#readme',
21 silly publish   _id: 'phrase-engine@0.1.1',
21 silly publish   _shasum: 'c5ef43b2d9574d985e6e8dd5fc4266f44ce4238a',
21 silly publish   _from: '.' }
22 verbose getPublishConfig undefined
23 silly mapToRegistry name phrase-engine
24 silly mapToRegistry using default registry
25 silly mapToRegistry registry https://registry.npmjs.org/
26 silly mapToRegistry data Result {
26 silly mapToRegistry   raw: 'phrase-engine',
26 silly mapToRegistry   scope: null,
26 silly mapToRegistry   escapedName: 'phrase-engine',
26 silly mapToRegistry   name: 'phrase-engine',
26 silly mapToRegistry   rawSpec: '',
26 silly mapToRegistry   spec: 'latest',
26 silly mapToRegistry   type: 'tag' }
27 silly mapToRegistry uri https://registry.npmjs.org/phrase-engine
28 verbose publish registryBase https://registry.npmjs.org/
29 silly publish uploading /home/omran/.npm/phrase-engine/0.1.1/package.tgz
30 verbose request uri https://registry.npmjs.org/phrase-engine
31 verbose request sending authorization for write operation
32 info attempt registry request try #1 at 8:44:06 PM
33 verbose request using bearer token for auth
34 verbose request id f58a4a2b789e5f79
35 http request PUT https://registry.npmjs.org/phrase-engine
36 http 403 https://registry.npmjs.org/phrase-engine
37 verbose headers { 'content-type': 'application/json',
37 verbose headers   'cache-control': 'max-age=300',
37 verbose headers   'content-length': '91',
37 verbose headers   'accept-ranges': 'bytes',
37 verbose headers   date: 'Mon, 04 Sep 2017 14:44:07 GMT',
37 verbose headers   via: '1.1 varnish',
37 verbose headers   connection: 'keep-alive',
37 verbose headers   'x-served-by': 'cache-sin18030-SIN',
37 verbose headers   'x-cache': 'MISS',
37 verbose headers   'x-cache-hits': '0',
37 verbose headers   'x-timer': 'S1504536247.592774,VS0,VE1180',
37 verbose headers   vary: 'Accept-Encoding, Accept' }
38 verbose request invalidating /home/omran/.npm/registry.npmjs.org/phrase-engine on PUT
39 error publish Failed PUT 403
40 verbose stack Error: You cannot publish over the previously published version 0.1.1. : phrase-engine
40 verbose stack     at makeError (/usr/local/lib/node_modules/npm/node_modules/npm-registry-client/lib/request.js:302:12)
40 verbose stack     at CachingRegistryClient.<anonymous> (/usr/local/lib/node_modules/npm/node_modules/npm-registry-client/lib/request.js:290:14)
40 verbose stack     at Request._callback (/usr/local/lib/node_modules/npm/node_modules/npm-registry-client/lib/request.js:210:14)
40 verbose stack     at Request.self.callback (/usr/local/lib/node_modules/npm/node_modules/request/request.js:187:22)
40 verbose stack     at emitTwo (events.js:106:13)
40 verbose stack     at Request.emit (events.js:191:7)
40 verbose stack     at Request.<anonymous> (/usr/local/lib/node_modules/npm/node_modules/request/request.js:1048:10)
40 verbose stack     at emitOne (events.js:96:13)
40 verbose stack     at Request.emit (events.js:188:7)
40 verbose stack     at IncomingMessage.<anonymous> (/usr/local/lib/node_modules/npm/node_modules/request/request.js:969:12)
41 verbose statusCode 403
42 verbose pkgid phrase-engine
43 verbose cwd /mnt/004DD45F03F9A1E3/Projects/PhraseEngine
44 error Linux 4.10.0-33-generic
45 error argv "/usr/local/bin/node" "/usr/local/bin/npm" "publish"
46 error node v6.9.2
47 error npm  v3.10.9
48 error code E403
49 error You cannot publish over the previously published version 0.1.1. : phrase-engine
50 error If you need help, you may report this error at:
50 error     <https://github.com/npm/npm/issues>
51 verbose exit [ 1, true ]
